<?xml version="1.0" encoding="UTF-8"?>
<!-- Generated by org.testng.reporters.JUnitReportReporter -->
<testsuite hostname="DESKTOP-7UOFI28" failures="0" tests="1" name="testcases.Pricing" time="28.173" errors="0" timestamp="2023-01-04T13:00:10 IST" skipped="0">
  <testcase classname="testcases.Pricing" name="menupricingbtn_click" time="28.173"/>
  <system-out/>
</testsuite> <!-- testcases.Pricing -->
