<?xml version="1.0" encoding="UTF-8"?>
<!-- Generated by org.testng.reporters.JUnitReportReporter -->
<testsuite hostname="DESKTOP-7UOFI28" failures="0" tests="1" name="testcases.TestCase20" time="169.321" errors="0" timestamp="2022-12-04T10:51:47 IST" skipped="0">
  <testcase classname="testcases.TestCase20" name="footerLinks_click" time="169.321"/>
  <system-out/>
</testsuite> <!-- testcases.TestCase20 -->
