<?xml version="1.0" encoding="UTF-8"?>
<!-- Generated by org.testng.reporters.JUnitReportReporter -->
<testsuite hostname="DESKTOP-7UOFI28" failures="0" tests="1" name="testcases.TestCase4" time="77.839" errors="0" timestamp="2022-12-02T18:14:38 IST" skipped="0">
  <testcase classname="testcases.TestCase4" name="videobtn_click" time="77.839"/>
  <system-out/>
</testsuite> <!-- testcases.TestCase4 -->
