<?xml version="1.0" encoding="UTF-8"?>
<!-- Generated by org.testng.reporters.JUnitReportReporter -->
<testsuite hostname="DESKTOP-7UOFI28" failures="0" tests="8" name="testcases.Features" time="206.343" errors="0" timestamp="2022-12-19T08:57:51 IST" skipped="0">
  <testcase classname="testcases.Features" name="features_metaverse" time="34.778"/>
  <system-out/>
  <testcase classname="testcases.Features" name="features_themecustomiztion" time="24.153"/>
  <system-out/>
  <testcase classname="testcases.Features" name="features_marketingsupport" time="25.000"/>
  <system-out/>
  <testcase classname="testcases.Features" name="features_amlcompliances" time="21.630"/>
  <system-out/>
  <testcase classname="testcases.Features" name="features_salessupport" time="25.017"/>
  <system-out/>
  <testcase classname="testcases.Features" name="features_reports" time="27.001"/>
  <system-out/>
  <testcase classname="testcases.Features" name="features_utiliypurpose" time="27.235"/>
  <system-out/>
  <testcase classname="testcases.Features" name="features_advancefeatures" time="21.529"/>
  <system-out/>
</testsuite> <!-- testcases.Features -->
