<?xml version="1.0" encoding="UTF-8"?>
<!-- Generated by org.testng.reporters.JUnitReportReporter -->
<testsuite hostname="DESKTOP-7UOFI28" failures="0" tests="1" name="testcases.TestCase9" time="119.928" errors="0" timestamp="2022-12-04T08:44:54 IST" skipped="0">
  <testcase classname="testcases.TestCase9" name="trustedandglobal_clickbutton" time="119.928"/>
  <system-out/>
</testsuite> <!-- testcases.TestCase9 -->
