<?xml version="1.0" encoding="UTF-8"?>
<!-- Generated by org.testng.reporters.JUnitReportReporter -->
<testsuite hostname="DESKTOP-7UOFI28" failures="0" tests="1" name="testcases.TestCase15" time="340.238" errors="0" timestamp="2022-12-04T09:49:43 IST" skipped="0">
  <testcase classname="testcases.TestCase15" name="joincommunity_clickbutton" time="340.238"/>
  <system-out/>
</testsuite> <!-- testcases.TestCase15 -->
