<?xml version="1.0" encoding="UTF-8"?>
<!-- Generated by org.testng.reporters.JUnitReportReporter -->
<testsuite hostname="DESKTOP-7UOFI28" failures="0" tests="1" name="testcases.TestCase10" time="174.140" errors="0" timestamp="2022-12-04T08:48:51 IST" skipped="0">
  <testcase classname="testcases.TestCase10" name="metabtn_click" time="174.140"/>
  <system-out/>
</testsuite> <!-- testcases.TestCase10 -->
