<?xml version="1.0" encoding="UTF-8"?>
<!-- Generated by org.testng.reporters.JUnitReportReporter -->
<testsuite hostname="DESKTOP-7UOFI28" failures="0" tests="8" name="testcases.More" time="188.035" errors="0" timestamp="2022-12-19T09:02:30 IST" skipped="0">
  <testcase classname="testcases.More" name="more_aboutus" time="23.842"/>
  <system-out/>
  <testcase classname="testcases.More" name="more_contactus" time="21.473"/>
  <system-out/>
  <testcase classname="testcases.More" name="more_comerth" time="31.116"/>
  <system-out/>
  <testcase classname="testcases.More" name="more_helpcenter" time="21.023"/>
  <system-out/>
  <testcase classname="testcases.More" name="more_faq" time="21.426"/>
  <system-out/>
  <testcase classname="testcases.More" name="more_carrer" time="27.389"/>
  <system-out/>
  <testcase classname="testcases.More" name="more_suggestion" time="23.630"/>
  <system-out/>
  <testcase classname="testcases.More" name="more_discordcommuntiy" time="18.136"/>
  <system-out/>
</testsuite> <!-- testcases.More -->
