<?xml version="1.0" encoding="UTF-8"?>
<!-- Generated by org.testng.reporters.JUnitReportReporter -->
<testsuite hostname="DESKTOP-7UOFI28" failures="0" tests="1" name="testcases.TestCase2" time="23.130" errors="0" timestamp="2023-01-06T08:45:56 IST" skipped="0">
  <testcase classname="testcases.TestCase2" name="morenaboutews1_click" time="23.130"/>
  <system-out/>
</testsuite> <!-- testcases.TestCase2 -->
