<?xml version="1.0" encoding="UTF-8"?>
<!-- Generated by org.testng.reporters.JUnitReportReporter -->
<testsuite hostname="DESKTOP-7UOFI28" failures="0" tests="1" name="testcases.TestCase14" time="48.730" errors="0" timestamp="2022-12-04T09:37:17 IST" skipped="0">
  <testcase classname="testcases.TestCase14" name="reserveknowbutton_clickbutton" time="48.730"/>
  <system-out/>
</testsuite> <!-- testcases.TestCase14 -->
