<?xml version="1.0" encoding="UTF-8"?>
<!-- Generated by org.testng.reporters.JUnitReportReporter -->
<testsuite hostname="DESKTOP-7UOFI28" failures="0" tests="1" name="testcases.TestCase13" time="27.953" errors="0" timestamp="2022-12-04T09:31:25 IST" skipped="0">
  <testcase classname="testcases.TestCase13" name="ourkeyinvestor_click" time="27.953"/>
  <system-out/>
</testsuite> <!-- testcases.TestCase13 -->
