<?xml version="1.0" encoding="UTF-8"?>
<!-- Generated by org.testng.reporters.JUnitReportReporter -->
<testsuite hostname="DESKTOP-7UOFI28" failures="0" tests="1" name="testcases.TestCase11" time="39.174" errors="0" timestamp="2022-12-04T09:28:37 IST" skipped="0">
  <testcase classname="testcases.TestCase11" name="opensea_clickbutton" time="39.174"/>
  <system-out/>
</testsuite> <!-- testcases.TestCase11 -->
