<?xml version="1.0" encoding="UTF-8"?>
<!-- Generated by org.testng.reporters.JUnitReportReporter -->
<testsuite hostname="DESKTOP-7UOFI28" failures="0" tests="1" name="testcases.TestCase17" time="56.319" errors="0" timestamp="2022-12-04T09:58:06 IST" skipped="0">
  <testcase classname="testcases.TestCase17" name="joinareteam_click" time="56.319"/>
  <system-out/>
</testsuite> <!-- testcases.TestCase17 -->
