<?xml version="1.0" encoding="UTF-8"?>
<!-- Generated by org.testng.reporters.JUnitReportReporter -->
<testsuite hostname="DESKTOP-7UOFI28" failures="0" tests="3" name="testcases.Learn" time="48.708" errors="0" timestamp="2022-12-19T08:59:03 IST" skipped="0">
  <testcase classname="testcases.Learn" name="whatisBlockchain_click" time="15.709"/>
  <system-out/>
  <testcase classname="testcases.Learn" name="whatisNft_click" time="15.938"/>
  <system-out/>
  <testcase classname="testcases.Learn" name="whatismetaverse_click" time="17.061"/>
  <system-out/>
</testsuite> <!-- testcases.Learn -->
