<?xml version="1.0" encoding="UTF-8"?>
<!-- Generated by org.testng.reporters.JUnitReportReporter -->
<testsuite hostname="DESKTOP-7UOFI28" failures="0" tests="1" name="testcases.TestCase7" time="50.856" errors="0" timestamp="2022-12-02T18:43:01 IST" skipped="0">
  <testcase classname="testcases.TestCase7" name="fullstackmeataver_click" time="50.856"/>
  <system-out/>
</testsuite> <!-- testcases.TestCase7 -->
