<?xml version="1.0" encoding="UTF-8"?>
<!-- Generated by org.testng.reporters.JUnitReportReporter -->
<testsuite hostname="DESKTOP-7UOFI28" failures="0" tests="7" name="testcases.Solution" time="491.800" errors="0" timestamp="2022-12-19T09:11:23 IST" skipped="0">
  <testcase classname="testcases.Solution" name="solutionenterprise_click" time="61.454"/>
  <system-out/>
  <testcase classname="testcases.Solution" name="solutioncelebrity_click" time="62.835"/>
  <system-out/>
  <testcase classname="testcases.Solution" name="solutionartists_click" time="60.501"/>
  <system-out/>
  <testcase classname="testcases.Solution" name="solutioninfluencers_click" time="62.717"/>
  <system-out/>
  <testcase classname="testcases.Solution" name="solutiongamers_click" time="62.078"/>
  <system-out/>
  <testcase classname="testcases.Solution" name="solutionevents_click" time="55.235"/>
  <system-out/>
  <testcase classname="testcases.Solution" name="solutioncommunities_click" time="126.980"/>
  <system-out/>
</testsuite> <!-- testcases.Solution -->
