<?xml version="1.0" encoding="UTF-8"?>
<!-- Generated by org.testng.reporters.JUnitReportReporter -->
<testsuite hostname="DESKTOP-7UOFI28" failures="0" tests="1" name="testcases.TestCase16" time="41.412" errors="0" timestamp="2022-12-04T09:53:58 IST" skipped="0">
  <testcase classname="testcases.TestCase16" name="learnfromacademy_click" time="41.412"/>
  <system-out/>
</testsuite> <!-- testcases.TestCase16 -->
