<?xml version="1.0" encoding="UTF-8"?>
<!-- Generated by org.testng.reporters.JUnitReportReporter -->
<testsuite hostname="DESKTOP-7UOFI28" failures="0" tests="1" name="testcases.Blog" time="33.854" errors="0" timestamp="2022-12-19T08:54:01 IST" skipped="0">
  <testcase classname="testcases.Blog" name="blog_dropdwon" time="33.854"/>
  <system-out/>
</testsuite> <!-- testcases.Blog -->
