<?xml version="1.0" encoding="UTF-8"?>
<!-- Generated by org.testng.reporters.JUnitReportReporter -->
<testsuite hostname="DESKTOP-7UOFI28" failures="0" tests="3" name="testcases.TestCase1" time="73.792" errors="0" timestamp="2022-12-19T10:14:35 IST" skipped="0">
  <testcase classname="testcases.TestCase1" name="menupricing_click" time="22.288"/>
  <system-out/>
  <testcase classname="testcases.TestCase1" name="menupricing2_click" time="25.056"/>
  <system-out/>
  <testcase classname="testcases.TestCase1" name="menupricing3_click" time="26.448"/>
  <system-out/>
</testsuite> <!-- testcases.TestCase1 -->
