<?xml version="1.0" encoding="UTF-8"?>
<!-- Generated by org.testng.reporters.JUnitReportReporter -->
<testsuite hostname="DESKTOP-7UOFI28" failures="0" tests="1" name="testcases.Testcase21" time="38.896" errors="0" timestamp="2022-12-04T10:54:10 IST" skipped="0">
  <testcase classname="testcases.Testcase21" name="news_click" time="38.896"/>
  <system-out/>
</testsuite> <!-- testcases.Testcase21 -->
